<?xml version="1.0" encoding="utf-8"?><testsuites name="pytest tests"><testsuite name="pytest" errors="0" failures="0" skipped="0" tests="15" time="2.004" timestamp="2026-04-18T13:13:28.023757+00:00" hostname="agent-env-7e1717b6-0358-4c89-99bd-534cafbf08a7"><testcase classname="backend.tests.test_iteration2_fixes.TestWhatsAppNumber" name="test_whatsapp_endpoint_returns_correct_number" time="0.160" /><testcase classname="backend.tests.test_iteration2_fixes.TestProductCategories" name="test_chocolates_category_has_products" time="0.113" /><testcase classname="backend.tests.test_iteration2_fixes.TestProductCategories" name="test_biscuits_category_has_products" time="0.111" /><testcase classname="backend.tests.test_iteration2_fixes.TestProductCategories" name="test_nuts_category_has_products" time="0.113" /><testcase classname="backend.tests.test_iteration2_fixes.TestProductCategories" name="test_teas_category_has_products" time="0.100" /><testcase classname="backend.tests.test_iteration2_fixes.TestProductCategories" name="test_snacks_category_has_products" time="0.098" /><testcase classname="backend.tests.test_iteration2_fixes.TestProductCategories" name="test_artisan_category_has_products" time="0.107" /><testcase classname="backend.tests.test_iteration2_fixes.TestProductCategories" name="test_total_products_count" time="0.102" /><testcase classname="backend.tests.test_iteration2_fixes.TestProductImageUniqueness" name="test_at_least_40_unique_images" time="0.111" /><testcase classname="backend.tests.test_iteration2_fixes.TestHampers" name="test_hampers_have_6_occasions" time="0.126" /><testcase classname="backend.tests.test_iteration2_fixes.TestHampers" name="test_hampers_have_valid_images" time="0.107" /><testcase classname="backend.tests.test_iteration2_fixes.TestFirebaseSync" name="test_firebase_sync_rejects_invalid_token" time="0.100" /><testcase classname="backend.tests.test_iteration2_fixes.TestFirebaseSync" name="test_firebase_sync_endpoint_exists" time="0.100" /><testcase classname="backend.tests.test_iteration2_fixes.TestLegacyAuth" name="test_legacy_login_with_admin" time="0.357" /><testcase classname="backend.tests.test_iteration2_fixes.TestVessels" name="test_vessels_available" time="0.116" /></testsuite></testsuites>