<?xml version="1.0" encoding="utf-8"?><testsuites name="pytest tests"><testsuite name="pytest" errors="0" failures="0" skipped="0" tests="34" time="49.553" timestamp="2026-04-16T20:19:14.682724+00:00" hostname="agent-env-a02ddab2-afc1-4ae1-83b9-2baec0bc38bb"><testcase classname="backend.tests.test_dafruito_api.TestPublicEndpoints" name="test_root_health" time="0.198" /><testcase classname="backend.tests.test_dafruito_api.TestPublicEndpoints" name="test_get_hampers" time="0.163" /><testcase classname="backend.tests.test_dafruito_api.TestPublicEndpoints" name="test_get_hampers_by_occasion" time="0.143" /><testcase classname="backend.tests.test_dafruito_api.TestPublicEndpoints" name="test_get_vessels" time="0.222" /><testcase classname="backend.tests.test_dafruito_api.TestPublicEndpoints" name="test_get_products" time="0.118" /><testcase classname="backend.tests.test_dafruito_api.TestPublicEndpoints" name="test_get_products_by_category" time="0.149" /><testcase classname="backend.tests.test_dafruito_api.TestPublicEndpoints" name="test_get_whatsapp_number" time="0.135" /><testcase classname="backend.tests.test_dafruito_api.TestAuthFlow" name="test_register_new_customer" time="0.570" /><testcase classname="backend.tests.test_dafruito_api.TestAuthFlow" name="test_register_duplicate_email" time="0.128" /><testcase classname="backend.tests.test_dafruito_api.TestAuthFlow" name="test_login_admin" time="0.340" /><testcase classname="backend.tests.test_dafruito_api.TestAuthFlow" name="test_login_invalid_credentials" time="0.366" /><testcase classname="backend.tests.test_dafruito_api.TestAuthFlow" name="test_get_me_with_token" time="0.466" /><testcase classname="backend.tests.test_dafruito_api.TestAuthFlow" name="test_get_me_without_token" time="0.134" /><testcase classname="backend.tests.test_dafruito_api.TestCartFlow" name="test_get_cart_empty" time="0.501" /><testcase classname="backend.tests.test_dafruito_api.TestCartFlow" name="test_add_to_cart" time="0.462" /><testcase classname="backend.tests.test_dafruito_api.TestCartFlow" name="test_cart_flow_add_and_remove" time="0.953" /><testcase classname="backend.tests.test_dafruito_api.TestCartFlow" name="test_cart_requires_auth" time="0.149" /><testcase classname="backend.tests.test_dafruito_api.TestOrdersFlow" name="test_create_order_cod" time="0.465" /><testcase classname="backend.tests.test_dafruito_api.TestOrdersFlow" name="test_create_order_whatsapp" time="0.489" /><testcase classname="backend.tests.test_dafruito_api.TestOrdersFlow" name="test_list_my_orders" time="0.483" /><testcase classname="backend.tests.test_dafruito_api.TestRazorpayMock" name="test_create_razorpay_order" time="0.106" /><testcase classname="backend.tests.test_dafruito_api.TestRazorpayMock" name="test_verify_mock_payment" time="0.218" /><testcase classname="backend.tests.test_dafruito_api.TestRazorpayMock" name="test_full_razorpay_order_flow" time="1.038" /><testcase classname="backend.tests.test_dafruito_api.TestAIEndpoints" name="test_ai_chat" time="17.228" /><testcase classname="backend.tests.test_dafruito_api.TestAIEndpoints" name="test_ai_inventory_requires_admin" time="0.126" /><testcase classname="backend.tests.test_dafruito_api.TestAIEndpoints" name="test_ai_inventory_admin_only" time="0.490" /><testcase classname="backend.tests.test_dafruito_api.TestAIEndpoints" name="test_ai_inventory_parse_command" time="6.476" /><testcase classname="backend.tests.test_dafruito_api.TestAIEndpoints" name="test_ai_inventory_apply" time="0.633" /><testcase classname="backend.tests.test_dafruito_api.TestHamperImageGeneration" name="test_generate_hamper_image" time="14.129" /><testcase classname="backend.tests.test_dafruito_api.TestAdminEndpoints" name="test_admin_stats" time="0.510" /><testcase classname="backend.tests.test_dafruito_api.TestAdminEndpoints" name="test_admin_orders_list" time="0.531" /><testcase classname="backend.tests.test_dafruito_api.TestAdminEndpoints" name="test_admin_update_order_status" time="0.656" /><testcase classname="backend.tests.test_dafruito_api.TestAdminEndpoints" name="test_admin_requires_auth" time="0.139" /><testcase classname="backend.tests.test_dafruito_api.TestAdminEndpoints" name="test_admin_requires_admin_role" time="0.475" /></testsuite></testsuites>